<?xml version="1.0" encoding="UTF-8"?>
<!-- Generated by org.testng.reporters.JUnitReportReporter -->
<testsuite hostname="DESKTOP-2SG1Q0D" failures="0" tests="6" name="demoTests.Tests.OneMapMobileTest" time="2.382" errors="0" timestamp="2024-09-25T16:00:45 IST" skipped="0">
  <testcase classname="demoTests.Tests.OneMapMobileTest" name="verifyTitle" time="0.084"/>
  <testcase classname="demoTests.Tests.OneMapMobileTest" name="testLogo" time="1.119"/>
  <testcase classname="demoTests.Tests.OneMapMobileTest" name="communityLogo" time="0.112"/>
  <testcase classname="demoTests.Tests.OneMapMobileTest" name="schoolQueryInfo" time="0.725"/>
  <testcase classname="demoTests.Tests.OneMapMobileTest" name="medical" time="0.185"/>
  <testcase classname="demoTests.Tests.OneMapMobileTest" name="hawkerCentre" time="0.157"/>
</testsuite> <!-- demoTests.Tests.OneMapMobileTest -->
