<?xml version="1.0" encoding="UTF-8"?>
<!-- Generated by org.testng.reporters.JUnitReportReporter -->
<testsuite hostname="DESKTOP-2SG1Q0D" failures="0" tests="6" name="demoTests.Tests.OneMapMobileTest" time="1.796" errors="0" timestamp="2024-09-25T15:54:38 IST" skipped="0">
  <testcase classname="demoTests.Tests.OneMapMobileTest" name="verifyTitle" time="0.058"/>
  <system-out/>
  <testcase classname="demoTests.Tests.OneMapMobileTest" name="testLogo" time="0.133"/>
  <system-out/>
  <testcase classname="demoTests.Tests.OneMapMobileTest" name="communityLogo" time="0.313"/>
  <system-out/>
  <testcase classname="demoTests.Tests.OneMapMobileTest" name="schoolQueryInfo" time="0.414"/>
  <system-out/>
  <testcase classname="demoTests.Tests.OneMapMobileTest" name="medical" time="0.636"/>
  <system-out/>
  <testcase classname="demoTests.Tests.OneMapMobileTest" name="hawkerCentre" time="0.242"/>
  <system-out/>
</testsuite> <!-- demoTests.Tests.OneMapMobileTest -->
